<?xml version="1.0" encoding="utf-8" standalone="no"?>
<!--This file represents the results of running a test suite-->
<test-results name="C:\Users\Dev\Documents\Dev\Projects\DotNet\taste.net\src\Taste.Tests\bin\Debug\Taste.net.Tests.dll" total="0" errors="0" failures="0" not-run="0" inconclusive="0" ignored="0" skipped="0" invalid="0" date="2010-01-09" time="11:16:30">
  <environment nunit-version="2.5.2.9222" clr-version="2.0.50727.4200" os-version="Microsoft Windows NT 6.0.6002 Service Pack 2" platform="Win32NT" cwd="C:\Users\Dev\Documents\Dev\Projects\DotNet\taste.net" machine-name="HOME-PC" user="Dev" user-domain="home-PC" />
  <culture-info current-culture="en-US" current-uiculture="en-US" />
  <test-suite name="C:\Users\Dev\Documents\Dev\Projects\DotNet\taste.net\src\Taste.Tests\bin\Debug\Taste.net.Tests.dll" executed="True" success="False" time="0.000" asserts="0">
    <results>
      <test-suite name="Taste" executed="True" success="False" time="0.000" asserts="0">
        <results>
          <test-suite name="Tests" executed="True" success="False" time="0.000" asserts="0">
            <results>
              <test-suite name="Transforms" executed="True" success="False" time="0.000" asserts="0">
                <results>
                  <test-suite name="TransformTestCase" executed="False">
                    <reason>
                      <message><![CDATA[Taste.Tests.Transforms.TransformTestCase is an abstract class]]></message>
                    </reason>
                  </test-suite>
                </results>
              </test-suite>
            </results>
          </test-suite>
        </results>
      </test-suite>
    </results>
  </test-suite>
</test-results>